Using pre-set license
Built from '2020.3/staging' branch; Version is '2020.3.17f1 (a4537701e4ab) revision 10769271'; Using compiler version '192528614'; Build Type 'Release'
OS: 'Windows 10 Pro; OS build 19042.1237; Version 2009; 64bit' Language: 'en' Physical Memory: 8033 MB
BatchMode: 1, IsHumanControllingUs: 0, StartBugReporterOnCrash: 0, Is64bit: 1, IsPro: 0

COMMAND LINE ARGUMENTS:
C:\Program Files\Unity\Hub\Editor\2020.3.17f1\Editor\Unity.exe
-adb2
-batchMode
-noUpm
-name
AssetImportWorker1
-projectPath
D:/UnityProjects/Escape Story
-logFile
Logs/AssetImportWorker1.log
-srvPort
50115
Successfully changed project path to: D:/UnityProjects/Escape Story
D:/UnityProjects/Escape Story
Using Asset Import Pipeline V2.
Refreshing native plugins compatible for Editor in 155.72 ms, found 11 plugins.
Preloading 2 native plugins for Editor in 1.77 ms.
Initialize engine version: 2020.3.17f1 (a4537701e4ab)
[Subsystems] Discovering subsystems at path C:/Program Files/Unity/Hub/Editor/2020.3.17f1/Editor/Data/Resources/UnitySubsystems
[Subsystems] Discovering subsystems at path D:/UnityProjects/Escape Story/Assets
GfxDevice: creating device client; threaded=0
Direct3D:
    Version:  Direct3D 11.0 [level 11.1]
    Renderer: NVIDIA GeForce GTX 1050 (ID=0x1c8d)
    Vendor:   
    VRAM:     4019 MB
    Driver:   27.21.14.6280
Shader 'Universal Render Pipeline/Particles/Lit': fallback shader 'Universal Render Pipeline/Particles/SimpleLit' not found
Initialize mono
Mono path[0] = 'C:/Program Files/Unity/Hub/Editor/2020.3.17f1/Editor/Data/Managed'
Mono path[1] = 'C:/Program Files/Unity/Hub/Editor/2020.3.17f1/Editor/Data/MonoBleedingEdge/lib/mono/unityjit'
Mono config path = 'C:/Program Files/Unity/Hub/Editor/2020.3.17f1/Editor/Data/MonoBleedingEdge/etc'
Using monoOptions --debugger-agent=transport=dt_socket,embedding=1,server=y,suspend=n,address=127.0.0.1:56680
Begin MonoManager ReloadAssembly
Registering precompiled unity dll's ...
Register platform support module: C:/Program Files/Unity/Hub/Editor/2020.3.17f1/Editor/Data/PlaybackEngines/WindowsStandaloneSupport/UnityEditor.WindowsStandalone.Extensions.dll
Registered in 0.002964 seconds.
Native extension for WindowsStandalone target not found
Refreshing native plugins compatible for Editor in 122.62 ms, found 11 plugins.
Preloading 2 native plugins for Editor in 0.17 ms.
Mono: successfully reloaded assembly
- Completed reload, in  2.665 seconds
Domain Reload Profiling:
	ReloadAssembly (2666ms)
		BeginReloadAssembly (80ms)
			ExecutionOrderSort (0ms)
			DisableScriptedObjects (0ms)
			BackupInstance (0ms)
			ReleaseScriptingObjects (0ms)
			CreateAndSetChildDomain (1ms)
		EndReloadAssembly (774ms)
			LoadAssemblies (77ms)
			RebuildTransferFunctionScriptingTraits (0ms)
			SetupTypeCache (282ms)
			ReleaseScriptCaches (0ms)
			RebuildScriptCaches (49ms)
			SetupLoadedEditorAssemblies (313ms)
				LogAssemblyErrors (0ms)
				InitializePlatformSupportModulesInManaged (9ms)
				SetLoadedEditorAssemblies (0ms)
				RefreshPlugins (123ms)
				BeforeProcessingInitializeOnLoad (12ms)
				ProcessInitializeOnLoadAttributes (118ms)
				ProcessInitializeOnLoadMethodAttributes (49ms)
				AfterProcessingInitializeOnLoad (0ms)
				EditorAssembliesLoaded (0ms)
			ExecutionOrderSort2 (0ms)
			AwakeInstancesAfterBackupRestoration (0ms)
Platform modules already initialized, skipping
Registering precompiled user dll's ...
Registered in 0.009864 seconds.
Begin MonoManager ReloadAssembly
Native extension for WindowsStandalone target not found
Refreshing native plugins compatible for Editor in 77.42 ms, found 11 plugins.
Preloading 2 native plugins for Editor in 0.10 ms.
[XR] OculusXRPlugin: registering subsystems
[XR] Unable to register display lifecyle provider: [1]
[XR] Oculus Input lifecycle provider registered.
[XR] Unable to register input lifecyle provider: [1]
System.Reflection.TargetInvocationException: Exception has been thrown by the target of an invocation. ---> System.NullReferenceException: Object reference not set to an instance of an object
  at Unity.XR.Oculus.OculusLoader.AssetPathToAbsolutePath (System.String assetPath) [0x00048] in D:\UnityProjects\Escape Story\Library\PackageCache\com.unity.xr.oculus@1.8.1\Runtime\OculusLoader.cs:243 
  at Unity.XR.Oculus.OculusLoader.EditorLoadOVRPlugin () [0x0007b] in D:\UnityProjects\Escape Story\Library\PackageCache\com.unity.xr.oculus@1.8.1\Runtime\OculusLoader.cs:228 
  at (wrapper managed-to-native) System.Reflection.MonoMethod.InternalInvoke(System.Reflection.MonoMethod,object,object[],System.Exception&)
  at System.Reflection.MonoMethod.Invoke (System.Object obj, System.Reflection.BindingFlags invokeAttr, System.Reflection.Binder binder, System.Object[] parameters, System.Globalization.CultureInfo culture) [0x00032] in <695d1cc93cca45069c528c15c9fdd749>:0 
   --- End of inner exception stack trace ---
  at System.Reflection.MonoMethod.Invoke (System.Object obj, System.Reflection.BindingFlags invokeAttr, System.Reflection.Binder binder, System.Object[] parameters, System.Globalization.CultureInfo culture) [0x00048] in <695d1cc93cca45069c528c15c9fdd749>:0 
  at System.Reflection.MethodBase.Invoke (System.Object obj, System.Object[] parameters) [0x00000] in <695d1cc93cca45069c528c15c9fdd749>:0 
  at UnityEditor.EditorAssemblies.ProcessInitializeOnLoadMethodAttributes () [0x00047] in <d0e4b8c1204147f3935b6e9c8b8565ad>:0 
UnityEngine.StackTraceUtility:ExtractStackTrace ()
UnityEngine.DebugLogHandler:LogFormat (UnityEngine.LogType,UnityEngine.Object,string,object[])
UnityEngine.Logger:Log (UnityEngine.LogType,object)
UnityEngine.Debug:LogError (object)
UnityEditor.EditorAssemblies:ProcessInitializeOnLoadMethodAttributes ()

Mono: successfully reloaded assembly
- Completed reload, in  4.279 seconds
Domain Reload Profiling:
	ReloadAssembly (4280ms)
		BeginReloadAssembly (159ms)
			ExecutionOrderSort (0ms)
			DisableScriptedObjects (6ms)
			BackupInstance (0ms)
			ReleaseScriptingObjects (0ms)
			CreateAndSetChildDomain (19ms)
		EndReloadAssembly (4048ms)
			LoadAssemblies (2897ms)
			RebuildTransferFunctionScriptingTraits (0ms)
			SetupTypeCache (339ms)
			ReleaseScriptCaches (1ms)
			RebuildScriptCaches (70ms)
			SetupLoadedEditorAssemblies (619ms)
				LogAssemblyErrors (0ms)
				InitializePlatformSupportModulesInManaged (4ms)
				SetLoadedEditorAssemblies (0ms)
				RefreshPlugins (78ms)
				BeforeProcessingInitializeOnLoad (85ms)
				ProcessInitializeOnLoadAttributes (260ms)
				ProcessInitializeOnLoadMethodAttributes (184ms)
				AfterProcessingInitializeOnLoad (7ms)
				EditorAssembliesLoaded (0ms)
			ExecutionOrderSort2 (0ms)
			AwakeInstancesAfterBackupRestoration (11ms)
Platform modules already initialized, skipping
========================================================================
Worker process is ready to serve import requests
Shader 'Universal Render Pipeline/Particles/Lit': fallback shader 'Universal Render Pipeline/Particles/SimpleLit' not found
Launched and connected shader compiler UnityShaderCompiler.exe after 0.09 seconds
Refreshing native plugins compatible for Editor in 0.94 ms, found 11 plugins.
Preloading 2 native plugins for Editor in 0.10 ms.
Unloading 3678 Unused Serialized files (Serialized files now loaded: 0)
System memory in use before: 167.4 MB.
System memory in use after: 167.6 MB.

Unloading 21 unused Assets to reduce memory usage. Loaded Objects now: 4133.
Total: 5.099700 ms (FindLiveObjects: 0.371100 ms CreateObjectMapping: 0.146000 ms MarkObjects: 4.440300 ms  DeleteObjects: 0.139000 ms)

AssetImportParameters requested are different than current active one (requested -> active):
  custom:framework-win-MediaFoundation: 216162199b28c13a410421893ffa2e32 -> 
  custom:video-decoder-ogg-theora: a1e56fd34408186e4bbccfd4996cb3dc -> 
  custom:container-muxer-webm: aa71ff27fc2769a1b78a27578f13a17b -> 
  custom:container-demuxer-webm: 4f35f7cbe854078d1ac9338744f61a02 -> 
  custom:container-demuxer-ogg: 62fdf1f143b41e24485cea50d1cbac27 -> 
  custom:video-encoder-webm-vp8: eb34c28f22e8b96e1ab97ce403110664 -> 
  custom:video-decoder-webm-vp8: 9c59270c3fd7afecdb556c50c9e8de78 -> 
  custom:audio-decoder-ogg-vorbis: bf7c407c2cedff20999df2af8eb42d56 -> 
  custom:audio-encoder-webm-vorbis: bf7c407c2cedff20999df2af8eb42d56 -> 
========================================================================
Received Import Request.
  path: Assets/Scripts/Textdissapearscript.cs
  artifactKey: Guid(e6fa1521da2fffc4eb2a3aea5c2347b2) Importer(815301076,1909f56bfc062723c751e8b465ee728b)
Start importing Assets/Scripts/Textdissapearscript.cs using Guid(e6fa1521da2fffc4eb2a3aea5c2347b2) Importer(815301076,1909f56bfc062723c751e8b465ee728b)  -> (artifact id: 'eec0c844ffbad47969146d0a6c7130ae') in 0.046599 seconds 
  Import took 0.078579 seconds .

========================================================================
Received Import Request.
  Time since last request: 871.677688 seconds.
  path: Assets/Scripts/ContinuousMovement.cs
  artifactKey: Guid(11f8439346b3bff45bfeb47857a2e295) Importer(815301076,1909f56bfc062723c751e8b465ee728b)
Start importing Assets/Scripts/ContinuousMovement.cs using Guid(11f8439346b3bff45bfeb47857a2e295) Importer(815301076,1909f56bfc062723c751e8b465ee728b)  -> (artifact id: '238f7d10007ed3d24a9d5ab1f943bb57') in 0.110170 seconds 
  Import took 0.150342 seconds .

========================================================================
Received Import Request.
  Time since last request: 557.388407 seconds.
  path: Assets/Scripts/ContinuousMovement.cs
  artifactKey: Guid(11f8439346b3bff45bfeb47857a2e295) Importer(815301076,1909f56bfc062723c751e8b465ee728b)
Start importing Assets/Scripts/ContinuousMovement.cs using Guid(11f8439346b3bff45bfeb47857a2e295) Importer(815301076,1909f56bfc062723c751e8b465ee728b)  -> (artifact id: 'f9d057c337a5c3f8241bcd003d80411f') in 0.008652 seconds 
  Import took 0.045102 seconds .

========================================================================
Received Import Request.
  Time since last request: 0.054854 seconds.
  path: Assets/Scripts/ContinuousMovement.cs
  artifactKey: Guid(11f8439346b3bff45bfeb47857a2e295) Importer(815301076,1909f56bfc062723c751e8b465ee728b)
Start importing Assets/Scripts/ContinuousMovement.cs using Guid(11f8439346b3bff45bfeb47857a2e295) Importer(815301076,1909f56bfc062723c751e8b465ee728b)  -> (artifact id: 'f9d057c337a5c3f8241bcd003d80411f') in 0.006587 seconds 
  Import took 0.021750 seconds .

========================================================================
Received Import Request.
  Time since last request: 12.283221 seconds.
  path: Assets/Scripts/ContinuousMovement.cs
  artifactKey: Guid(11f8439346b3bff45bfeb47857a2e295) Importer(815301076,1909f56bfc062723c751e8b465ee728b)
Start importing Assets/Scripts/ContinuousMovement.cs using Guid(11f8439346b3bff45bfeb47857a2e295) Importer(815301076,1909f56bfc062723c751e8b465ee728b)  -> (artifact id: '3695203643cc3267210d9a11e51114b7') in 0.006199 seconds 
  Import took 0.080950 seconds .

========================================================================
Received Import Request.
  Time since last request: 0.022955 seconds.
  path: Assets/Scripts/ContinuousMovement.cs
  artifactKey: Guid(11f8439346b3bff45bfeb47857a2e295) Importer(815301076,1909f56bfc062723c751e8b465ee728b)
Start importing Assets/Scripts/ContinuousMovement.cs using Guid(11f8439346b3bff45bfeb47857a2e295) Importer(815301076,1909f56bfc062723c751e8b465ee728b)  -> (artifact id: '3695203643cc3267210d9a11e51114b7') in 0.009813 seconds 
  Import took 0.041512 seconds .

========================================================================
Received Import Request.
  Time since last request: 19.410897 seconds.
  path: Assets/Scripts/ContinuousMovement.cs
  artifactKey: Guid(11f8439346b3bff45bfeb47857a2e295) Importer(815301076,1909f56bfc062723c751e8b465ee728b)
Start importing Assets/Scripts/ContinuousMovement.cs using Guid(11f8439346b3bff45bfeb47857a2e295) Importer(815301076,1909f56bfc062723c751e8b465ee728b)  -> (artifact id: 'e8f17d5b9cdf497e57ff4cd876453292') in 0.003136 seconds 
  Import took 0.117169 seconds .

========================================================================
Received Import Request.
  Time since last request: 356.307566 seconds.
  path: Assets/Scripts/ContinuousMovement.cs
  artifactKey: Guid(11f8439346b3bff45bfeb47857a2e295) Importer(815301076,1909f56bfc062723c751e8b465ee728b)
Start importing Assets/Scripts/ContinuousMovement.cs using Guid(11f8439346b3bff45bfeb47857a2e295) Importer(815301076,1909f56bfc062723c751e8b465ee728b)  -> (artifact id: '7f0e5e9da346d37889defd5e2441705d') in 0.003413 seconds 
  Import took 0.045457 seconds .

========================================================================
Received Prepare
Registering precompiled user dll's ...
Registered in 0.374849 seconds.
Begin MonoManager ReloadAssembly
Native extension for WindowsStandalone target not found
Refreshing native plugins compatible for Editor in 6.73 ms, found 11 plugins.
Preloading 2 native plugins for Editor in 0.36 ms.
System.Reflection.TargetInvocationException: Exception has been thrown by the target of an invocation. ---> System.NullReferenceException: Object reference not set to an instance of an object
  at Unity.XR.Oculus.OculusLoader.AssetPathToAbsolutePath (System.String assetPath) [0x00048] in D:\UnityProjects\Escape Story\Library\PackageCache\com.unity.xr.oculus@1.8.1\Runtime\OculusLoader.cs:243 
  at Unity.XR.Oculus.OculusLoader.EditorLoadOVRPlugin () [0x0007b] in D:\UnityProjects\Escape Story\Library\PackageCache\com.unity.xr.oculus@1.8.1\Runtime\OculusLoader.cs:228 
  at (wrapper managed-to-native) System.Reflection.MonoMethod.InternalInvoke(System.Reflection.MonoMethod,object,object[],System.Exception&)
  at System.Reflection.MonoMethod.Invoke (System.Object obj, System.Reflection.BindingFlags invokeAttr, System.Reflection.Binder binder, System.Object[] parameters, System.Globalization.CultureInfo culture) [0x00032] in <695d1cc93cca45069c528c15c9fdd749>:0 
   --- End of inner exception stack trace ---
  at System.Reflection.MonoMethod.Invoke (System.Object obj, System.Reflection.BindingFlags invokeAttr, System.Reflection.Binder binder, System.Object[] parameters, System.Globalization.CultureInfo culture) [0x00048] in <695d1cc93cca45069c528c15c9fdd749>:0 
  at System.Reflection.MethodBase.Invoke (System.Object obj, System.Object[] parameters) [0x00000] in <695d1cc93cca45069c528c15c9fdd749>:0 
  at UnityEditor.EditorAssemblies.ProcessInitializeOnLoadMethodAttributes () [0x00047] in <d0e4b8c1204147f3935b6e9c8b8565ad>:0 
UnityEngine.StackTraceUtility:ExtractStackTrace ()
UnityEngine.DebugLogHandler:LogFormat (UnityEngine.LogType,UnityEngine.Object,string,object[])
UnityEngine.Logger:Log (UnityEngine.LogType,object)
UnityEngine.Debug:LogError (object)
UnityEditor.EditorAssemblies:ProcessInitializeOnLoadMethodAttributes ()

Mono: successfully reloaded assembly
- Completed reload, in  4.962 seconds
Domain Reload Profiling:
	ReloadAssembly (4968ms)
		BeginReloadAssembly (615ms)
			ExecutionOrderSort (0ms)
			DisableScriptedObjects (50ms)
			BackupInstance (0ms)
			ReleaseScriptingObjects (1ms)
			CreateAndSetChildDomain (279ms)
		EndReloadAssembly (4135ms)
			LoadAssemblies (397ms)
			RebuildTransferFunctionScriptingTraits (0ms)
			SetupTypeCache (1234ms)
			ReleaseScriptCaches (6ms)
			RebuildScriptCaches (217ms)
			SetupLoadedEditorAssemblies (1431ms)
				LogAssemblyErrors (0ms)
				InitializePlatformSupportModulesInManaged (11ms)
				SetLoadedEditorAssemblies (2ms)
				RefreshPlugins (8ms)
				BeforeProcessingInitializeOnLoad (192ms)
				ProcessInitializeOnLoadAttributes (1154ms)
				ProcessInitializeOnLoadMethodAttributes (52ms)
				AfterProcessingInitializeOnLoad (12ms)
				EditorAssembliesLoaded (1ms)
			ExecutionOrderSort2 (0ms)
			AwakeInstancesAfterBackupRestoration (33ms)
Platform modules already initialized, skipping
Switching build target platform(19) subTarget(0) extendedPlatform(0) -> platform(13) subTarget(536870918) extendedPlatform(0)
Shader 'Universal Render Pipeline/Particles/Lit': fallback shader 'Universal Render Pipeline/Particles/SimpleLit' not found
Refreshing native plugins compatible for Editor in 4.76 ms, found 11 plugins.
Preloading 2 native plugins for Editor in 0.81 ms.
Unloading 3521 Unused Serialized files (Serialized files now loaded: 0)
System memory in use before: 157.1 MB.
System memory in use after: 157.4 MB.

Unloading 16 unused Assets to reduce memory usage. Loaded Objects now: 4136.
Total: 12.101700 ms (FindLiveObjects: 1.933300 ms CreateObjectMapping: 1.085800 ms MarkObjects: 8.891500 ms  DeleteObjects: 0.183900 ms)

AssetImportParameters requested are different than current active one (requested -> active):
  custom:framework-win-MediaFoundation: 216162199b28c13a410421893ffa2e32 -> 
  custom:video-decoder-ogg-theora: a1e56fd34408186e4bbccfd4996cb3dc -> 
  custom:container-muxer-webm: aa71ff27fc2769a1b78a27578f13a17b -> 
  custom:container-demuxer-webm: 4f35f7cbe854078d1ac9338744f61a02 -> 
  custom:container-demuxer-ogg: 62fdf1f143b41e24485cea50d1cbac27 -> 
  custom:video-encoder-webm-vp8: eb34c28f22e8b96e1ab97ce403110664 -> 
  custom:video-decoder-webm-vp8: 9c59270c3fd7afecdb556c50c9e8de78 -> 
  custom:graphics/normal-map-encoding: 01000000000000000000000000000000 -> 02000000000000000000000000000000
  custom:audio-decoder-ogg-vorbis: bf7c407c2cedff20999df2af8eb42d56 -> 
  custom:audio-encoder-webm-vorbis: bf7c407c2cedff20999df2af8eb42d56 -> 
========================================================================
Received Import Request.
  Time since last request: 3546.528297 seconds.
  path: Assets/Imported Assets/Multistory Dungeons 2/Textures/Materials/Atlas_Props_Glass.mat
  artifactKey: Guid(81da1f2ecdb94bf6904233193bfdd89b) Importer(815301076,1909f56bfc062723c751e8b465ee728b)
Start importing Assets/Imported Assets/Multistory Dungeons 2/Textures/Materials/Atlas_Props_Glass.mat using Guid(81da1f2ecdb94bf6904233193bfdd89b) Importer(815301076,1909f56bfc062723c751e8b465ee728b)  -> (artifact id: 'd00c20580010e4a8f69a28c78f319db7') in 2.773537 seconds 
  Import took 2.985994 seconds .

========================================================================
Received Import Request.
  Time since last request: 0.000437 seconds.
  path: Assets/Imported Assets/RunemarkStudio/DarkFantasyKit [Free]/Meshes/Doors and Gates/dfk_door_01.fbx
  artifactKey: Guid(e1354fb377069034d8791dea7015cbb1) Importer(815301076,1909f56bfc062723c751e8b465ee728b)
Start importing Assets/Imported Assets/RunemarkStudio/DarkFantasyKit [Free]/Meshes/Doors and Gates/dfk_door_01.fbx using Guid(e1354fb377069034d8791dea7015cbb1) Importer(815301076,1909f56bfc062723c751e8b465ee728b)  -> (artifact id: '1480cdd645035f51677df0f055b1a175') in 0.675896 seconds 
  Import took 0.707481 seconds .

========================================================================
Received Import Request.
  Time since last request: 0.000468 seconds.
  path: Assets/VR Beginner/Data/CCDatabase.asset
  artifactKey: Guid(b1268527e8a2f8d48b3959ed0a30f996) Importer(815301076,1909f56bfc062723c751e8b465ee728b)
Start importing Assets/VR Beginner/Data/CCDatabase.asset using Guid(b1268527e8a2f8d48b3959ed0a30f996) Importer(815301076,1909f56bfc062723c751e8b465ee728b)  -> (artifact id: '8acb9b61ac1a6114871c4fb120e972a7') in 0.025626 seconds 
  Import took 0.048123 seconds .

========================================================================
Received Import Request.
  Time since last request: 0.000351 seconds.
  path: Assets/VR Beginner/Models/BookOfSpells.fbx
  artifactKey: Guid(c0658d00c20d19d46ba322f21394d830) Importer(815301076,1909f56bfc062723c751e8b465ee728b)
Start importing Assets/VR Beginner/Models/BookOfSpells.fbx using Guid(c0658d00c20d19d46ba322f21394d830) Importer(815301076,1909f56bfc062723c751e8b465ee728b)  -> (artifact id: 'c020fff40a23f5e1bd7bbbbc642f3e3e') in 1.063840 seconds 
  Import took 1.392384 seconds .

========================================================================
Received Import Request.
  Time since last request: 0.000525 seconds.
  path: Assets/Imported Assets/Multistory Dungeons 2/Textures/Materials/Atlas_Furniture_01.mat
  artifactKey: Guid(02caa25779c6467b9bb2ca8729f8cc78) Importer(815301076,1909f56bfc062723c751e8b465ee728b)
Start importing Assets/Imported Assets/Multistory Dungeons 2/Textures/Materials/Atlas_Furniture_01.mat using Guid(02caa25779c6467b9bb2ca8729f8cc78) Importer(815301076,1909f56bfc062723c751e8b465ee728b)  -> (artifact id: 'fb360fbba57f56c87887e92e7c57ba7b') in 1.409370 seconds 
  Import took 1.446503 seconds .

========================================================================
Received Import Request.
  Time since last request: 0.000353 seconds.
  path: Assets/TextMesh Pro/Resources/Fonts & Materials/LiberationSans SDF - Fallback.asset
  artifactKey: Guid(2e498d1c8094910479dc3e1b768306a4) Importer(815301076,1909f56bfc062723c751e8b465ee728b)
Start importing Assets/TextMesh Pro/Resources/Fonts & Materials/LiberationSans SDF - Fallback.asset using Guid(2e498d1c8094910479dc3e1b768306a4) Importer(815301076,1909f56bfc062723c751e8b465ee728b)  -> (artifact id: 'aca9066888ba289cada2dff2aa6f8cf1') in 0.096548 seconds 
  Import took 0.172145 seconds .

========================================================================
Received Import Request.
  Time since last request: 0.000323 seconds.
  path: Assets/VR Controllers Models/Oculus Controllers/oculus_cv1_controller_right/oculus_cv1_controller_right.obj
  artifactKey: Guid(6713cf46d4f46b847abde47e626d8537) Importer(815301076,1909f56bfc062723c751e8b465ee728b)
Start importing Assets/VR Controllers Models/Oculus Controllers/oculus_cv1_controller_right/oculus_cv1_controller_right.obj using Guid(6713cf46d4f46b847abde47e626d8537) Importer(815301076,1909f56bfc062723c751e8b465ee728b)  -> (artifact id: '04632667476d6eb92f084c87a9044327') in 0.051854 seconds 
  Import took 0.113806 seconds .

========================================================================
Received Import Request.
  Time since last request: 0.000744 seconds.
  path: Assets/VR Controllers Models/Oculus Controllers/oculus_cv1_controller_left/oculus_cv1_controller_left.obj
  artifactKey: Guid(a0080df8c0c15724d954d8a5b0e9a592) Importer(815301076,1909f56bfc062723c751e8b465ee728b)
Start importing Assets/VR Controllers Models/Oculus Controllers/oculus_cv1_controller_left/oculus_cv1_controller_left.obj using Guid(a0080df8c0c15724d954d8a5b0e9a592) Importer(815301076,1909f56bfc062723c751e8b465ee728b)  -> (artifact id: '1e9367e73fbb479da7ea0162496ffcb9') in 0.043529 seconds 
  Import took 0.052509 seconds .

========================================================================
Received Import Request.
  Time since last request: 0.000362 seconds.
  path: Assets/VR Beginner/Prefabs/System/CCIndicator.prefab
  artifactKey: Guid(e391440c91e82f8459029f1bce8f6fc2) Importer(815301076,1909f56bfc062723c751e8b465ee728b)
Start importing Assets/VR Beginner/Prefabs/System/CCIndicator.prefab using Guid(e391440c91e82f8459029f1bce8f6fc2) Importer(815301076,1909f56bfc062723c751e8b465ee728b)  -> (artifact id: '16ee21752cbada6df137d8b1e597ea9a') in 0.040272 seconds 
  Import took 0.053168 seconds .

========================================================================
Received Import Request.
  Time since last request: 0.000377 seconds.
  path: Assets/Imported Assets/Multistory Dungeons 2/Textures/Materials/Atlas_Props_01.mat
  artifactKey: Guid(e8d858f4dafd40318a65052911414e45) Importer(815301076,1909f56bfc062723c751e8b465ee728b)
Start importing Assets/Imported Assets/Multistory Dungeons 2/Textures/Materials/Atlas_Props_01.mat using Guid(e8d858f4dafd40318a65052911414e45) Importer(815301076,1909f56bfc062723c751e8b465ee728b)  -> (artifact id: '29b4f9c3e6fc093207d114d54631f58f') in 0.948454 seconds 
  Import took 1.140785 seconds .

========================================================================
Received Import Request.
  Time since last request: 0.000327 seconds.
  path: Assets/Imported Assets/Multistory Dungeons 2/Textures/Materials/Candle_Fire_FX_Material_03.mat
  artifactKey: Guid(690263f9154a4409a4de771bf495cc0a) Importer(815301076,1909f56bfc062723c751e8b465ee728b)
Start importing Assets/Imported Assets/Multistory Dungeons 2/Textures/Materials/Candle_Fire_FX_Material_03.mat using Guid(690263f9154a4409a4de771bf495cc0a) Importer(815301076,1909f56bfc062723c751e8b465ee728b)  -> (artifact id: 'a2400b15a1f562287763f944572f653c') in 0.329258 seconds 
  Import took 0.430511 seconds .

========================================================================
Received Import Request.
  Time since last request: 39.874618 seconds.
  path: Assets/Imported Assets/Multistory Dungeons 2/Materials/Atlas_Props_02.mat
  artifactKey: Guid(34a39f6ecb246f6428011495d3f879cb) Importer(815301076,1909f56bfc062723c751e8b465ee728b)
Start importing Assets/Imported Assets/Multistory Dungeons 2/Materials/Atlas_Props_02.mat using Guid(34a39f6ecb246f6428011495d3f879cb) Importer(815301076,1909f56bfc062723c751e8b465ee728b)  -> (artifact id: '9448761670c850685f4992a327e1b6de') in 1.343580 seconds 
  Import took 1.435126 seconds .

========================================================================
Received Import Request.
  Time since last request: 0.000565 seconds.
  path: Assets/Imported Assets/Multistory Dungeons 2/Textures/Materials/Atlas_Props_02.mat
  artifactKey: Guid(e4f418a18b804f87a364a935f5632aef) Importer(815301076,1909f56bfc062723c751e8b465ee728b)
Start importing Assets/Imported Assets/Multistory Dungeons 2/Textures/Materials/Atlas_Props_02.mat using Guid(e4f418a18b804f87a364a935f5632aef) Importer(815301076,1909f56bfc062723c751e8b465ee728b)  -> (artifact id: '41fb0bacd8d93168049d3672f007a51b') in 2.298878 seconds 
  Import took 2.371227 seconds .

========================================================================
Received Import Request.
  Time since last request: 363.868678 seconds.
  path: Assets/Animations
  artifactKey: Guid(55ee23b8455728c48b8b2edc44d76e86) Importer(815301076,1909f56bfc062723c751e8b465ee728b)
Start importing Assets/Animations using Guid(55ee23b8455728c48b8b2edc44d76e86) Importer(815301076,1909f56bfc062723c751e8b465ee728b)  -> (artifact id: '03ddfd97d4e9e80655497617fc4ee075') in 0.066202 seconds 
  Import took 0.097753 seconds .

========================================================================
Received Import Request.
  Time since last request: 1.186867 seconds.
  path: Assets/Controllers/VR Rig.prefab
  artifactKey: Guid(cc5d7e952a1474d4aae7f59ab05021c7) Importer(815301076,1909f56bfc062723c751e8b465ee728b)
Start importing Assets/Controllers/VR Rig.prefab using Guid(cc5d7e952a1474d4aae7f59ab05021c7) Importer(815301076,1909f56bfc062723c751e8b465ee728b)  -> (artifact id: '9350a054eecb6f2b6309355dff33614a') in 1.826023 seconds 
  Import took 1.851846 seconds .

========================================================================
Received Import Request.
  Time since last request: 7.544131 seconds.
  path: Assets/Imported Assets/Multistory Dungeons 2/Materials
  artifactKey: Guid(313e820dc1f9f3b4bbfb9ce07e752932) Importer(815301076,1909f56bfc062723c751e8b465ee728b)
Start importing Assets/Imported Assets/Multistory Dungeons 2/Materials using Guid(313e820dc1f9f3b4bbfb9ce07e752932) Importer(815301076,1909f56bfc062723c751e8b465ee728b)  -> (artifact id: '594b5336c0b62e890a84eb0c05e99868') in 0.020494 seconds 
  Import took 0.135005 seconds .

========================================================================
Received Import Request.
  Time since last request: 7.250615 seconds.
  path: Assets/Imported Assets/Multistory Dungeons 2/Prefabs/Props/Books And Alchemy
  artifactKey: Guid(087b2dc80b1d49ccbb24d014ca5f5bc9) Importer(815301076,1909f56bfc062723c751e8b465ee728b)
Start importing Assets/Imported Assets/Multistory Dungeons 2/Prefabs/Props/Books And Alchemy using Guid(087b2dc80b1d49ccbb24d014ca5f5bc9) Importer(815301076,1909f56bfc062723c751e8b465ee728b)  -> (artifact id: '0aa44d07bc16e1e40c1dcbb78b16d35e') in 0.014415 seconds 
  Import took 0.167454 seconds .

========================================================================
Received Import Request.
  Time since last request: 11.456924 seconds.
  path: Assets/Imported Assets/Multistory Dungeons 2/Prefabs/Props/Books And Alchemy/Book_01.prefab
  artifactKey: Guid(131a112cf67c4e98af44b350b210ef43) Importer(815301076,1909f56bfc062723c751e8b465ee728b)
Start importing Assets/Imported Assets/Multistory Dungeons 2/Prefabs/Props/Books And Alchemy/Book_01.prefab using Guid(131a112cf67c4e98af44b350b210ef43) Importer(815301076,1909f56bfc062723c751e8b465ee728b)  -> (artifact id: '8842273f7d2fb9adce3f202a4c6714bf') in 1.511889 seconds 
  Import took 1.774653 seconds .

========================================================================
Received Import Request.
  Time since last request: 0.000666 seconds.
  path: Assets/Imported Assets/Multistory Dungeons 2/Prefabs/Props/Books And Alchemy/Glass_Jar_01.prefab
  artifactKey: Guid(452a86ca4bb346709707701376fdcd66) Importer(815301076,1909f56bfc062723c751e8b465ee728b)
Start importing Assets/Imported Assets/Multistory Dungeons 2/Prefabs/Props/Books And Alchemy/Glass_Jar_01.prefab using Guid(452a86ca4bb346709707701376fdcd66) Importer(815301076,1909f56bfc062723c751e8b465ee728b)  -> (artifact id: '832e9bbaa62da203c5d71e4539365b43') in 0.118204 seconds 
  Import took 0.165569 seconds .

========================================================================
Received Import Request.
  Time since last request: 0.000311 seconds.
  path: Assets/Imported Assets/Multistory Dungeons 2/Prefabs/Props/Books And Alchemy/Book_04.prefab
  artifactKey: Guid(197a3bf124274ac5a1dd23cf272a9a3a) Importer(815301076,1909f56bfc062723c751e8b465ee728b)
Start importing Assets/Imported Assets/Multistory Dungeons 2/Prefabs/Props/Books And Alchemy/Book_04.prefab using Guid(197a3bf124274ac5a1dd23cf272a9a3a) Importer(815301076,1909f56bfc062723c751e8b465ee728b)  -> (artifact id: 'aa5e4ea7003d27498205d030554c8b36') in 0.117099 seconds 
  Import took 0.134850 seconds .

========================================================================
Received Import Request.
  Time since last request: 0.000209 seconds.
  path: Assets/Imported Assets/Multistory Dungeons 2/Prefabs/Props/Books And Alchemy/Potion_Red_01.prefab
  artifactKey: Guid(aaa89c406a964d7780afb86370e3860d) Importer(815301076,1909f56bfc062723c751e8b465ee728b)
Start importing Assets/Imported Assets/Multistory Dungeons 2/Prefabs/Props/Books And Alchemy/Potion_Red_01.prefab using Guid(aaa89c406a964d7780afb86370e3860d) Importer(815301076,1909f56bfc062723c751e8b465ee728b)  -> (artifact id: '176000333fdc2424d78b1a30a9da6db2') in 0.306217 seconds 
  Import took 0.337128 seconds .

========================================================================
Received Import Request.
  Time since last request: 0.000712 seconds.
  path: Assets/Imported Assets/Multistory Dungeons 2/Prefabs/Props/Books And Alchemy/Books_Preset_03.prefab
  artifactKey: Guid(cab518aa9b9d42f3813edffa01162bb8) Importer(815301076,1909f56bfc062723c751e8b465ee728b)
Start importing Assets/Imported Assets/Multistory Dungeons 2/Prefabs/Props/Books And Alchemy/Books_Preset_03.prefab using Guid(cab518aa9b9d42f3813edffa01162bb8) Importer(815301076,1909f56bfc062723c751e8b465ee728b)  -> (artifact id: '7e6f31d85ee7c14e47b2383ee5472cb2') in 0.116667 seconds 
  Import took 0.152226 seconds .

========================================================================
Received Import Request.
  Time since last request: 0.000240 seconds.
  path: Assets/Imported Assets/Multistory Dungeons 2/Prefabs/Props/Books And Alchemy/Books_Preset_04.prefab
  artifactKey: Guid(d79ee02934624ec8bdf62b8918e9d8a4) Importer(815301076,1909f56bfc062723c751e8b465ee728b)
Start importing Assets/Imported Assets/Multistory Dungeons 2/Prefabs/Props/Books And Alchemy/Books_Preset_04.prefab using Guid(d79ee02934624ec8bdf62b8918e9d8a4) Importer(815301076,1909f56bfc062723c751e8b465ee728b)  -> (artifact id: '91253b8a1090a3dcb70f2e477a9d966b') in 0.149910 seconds 
  Import took 0.190929 seconds .

========================================================================
Received Import Request.
  Time since last request: 0.000795 seconds.
  path: Assets/Imported Assets/Multistory Dungeons 2/Prefabs/Props/Books And Alchemy/Scale_01.prefab
  artifactKey: Guid(710caedd8bff451d82b2ab398533e070) Importer(815301076,1909f56bfc062723c751e8b465ee728b)
Start importing Assets/Imported Assets/Multistory Dungeons 2/Prefabs/Props/Books And Alchemy/Scale_01.prefab using Guid(710caedd8bff451d82b2ab398533e070) Importer(815301076,1909f56bfc062723c751e8b465ee728b)  -> (artifact id: '6fb26c03f6d6c5f01784c406d3d72ee6') in 0.153262 seconds 
  Import took 0.184377 seconds .

========================================================================
Received Import Request.
  Time since last request: 0.000490 seconds.
  path: Assets/Imported Assets/Multistory Dungeons 2/Prefabs/Props/Books And Alchemy/Flask_01.prefab
  artifactKey: Guid(5d77920e991c410ab2bec909ec78a579) Importer(815301076,1909f56bfc062723c751e8b465ee728b)
Start importing Assets/Imported Assets/Multistory Dungeons 2/Prefabs/Props/Books And Alchemy/Flask_01.prefab using Guid(5d77920e991c410ab2bec909ec78a579) Importer(815301076,1909f56bfc062723c751e8b465ee728b)  -> (artifact id: 'dece6479c157615fb51574961cec50f1') in 0.129605 seconds 
  Import took 0.212880 seconds .

========================================================================
Received Import Request.
  Time since last request: 0.000576 seconds.
  path: Assets/Imported Assets/Multistory Dungeons 2/Prefabs/Props/Books And Alchemy/Flask_04.prefab
  artifactKey: Guid(00f3d6cec2fd439dad128145ad2a3048) Importer(815301076,1909f56bfc062723c751e8b465ee728b)
Start importing Assets/Imported Assets/Multistory Dungeons 2/Prefabs/Props/Books And Alchemy/Flask_04.prefab using Guid(00f3d6cec2fd439dad128145ad2a3048) Importer(815301076,1909f56bfc062723c751e8b465ee728b)  -> (artifact id: 'fee4e3e2a6286d3e7d3c5f4aecc017a2') in 0.116561 seconds 
  Import took 0.151077 seconds .

========================================================================
Received Import Request.
  Time since last request: 0.000817 seconds.
  path: Assets/Imported Assets/Multistory Dungeons 2/Prefabs/Props/Books And Alchemy/Paper_05.prefab
  artifactKey: Guid(b29b15951e3f4f2f83b65c4b43aff9d2) Importer(815301076,1909f56bfc062723c751e8b465ee728b)
Start importing Assets/Imported Assets/Multistory Dungeons 2/Prefabs/Props/Books And Alchemy/Paper_05.prefab using Guid(b29b15951e3f4f2f83b65c4b43aff9d2) Importer(815301076,1909f56bfc062723c751e8b465ee728b)  -> (artifact id: 'bb2c9902a540d3db0cc0915375a3f0c4') in 0.153397 seconds 
  Import took 0.187491 seconds .

========================================================================
Received Import Request.
  Time since last request: 0.000844 seconds.
  path: Assets/Imported Assets/Multistory Dungeons 2/Prefabs/Props/Books And Alchemy/Flask_03.prefab
  artifactKey: Guid(fd69dd2a121e4509a1e7ed3ab107ba7b) Importer(815301076,1909f56bfc062723c751e8b465ee728b)
Start importing Assets/Imported Assets/Multistory Dungeons 2/Prefabs/Props/Books And Alchemy/Flask_03.prefab using Guid(fd69dd2a121e4509a1e7ed3ab107ba7b) Importer(815301076,1909f56bfc062723c751e8b465ee728b)  -> (artifact id: 'b6435fe5ae182ca121c48de6aa35a754') in 0.161784 seconds 
  Import took 0.201631 seconds .

========================================================================
Received Import Request.
  Time since last request: 0.000293 seconds.
  path: Assets/Imported Assets/Multistory Dungeons 2/Prefabs/Props/Books And Alchemy/Flask_05.prefab
  artifactKey: Guid(ca65590ee38a4f878c549a1c596e4137) Importer(815301076,1909f56bfc062723c751e8b465ee728b)
Start importing Assets/Imported Assets/Multistory Dungeons 2/Prefabs/Props/Books And Alchemy/Flask_05.prefab using Guid(ca65590ee38a4f878c549a1c596e4137) Importer(815301076,1909f56bfc062723c751e8b465ee728b)  -> (artifact id: '65199cd91870737e49fbd32368322c6b') in 0.139481 seconds 
  Import took 0.171968 seconds .

========================================================================
Received Import Request.
  Time since last request: 0.000727 seconds.
  path: Assets/Imported Assets/Multistory Dungeons 2/Prefabs/Props/Books And Alchemy/Potion_01.prefab
  artifactKey: Guid(b5b903da71f948758cc8f65f59d30edc) Importer(815301076,1909f56bfc062723c751e8b465ee728b)
Start importing Assets/Imported Assets/Multistory Dungeons 2/Prefabs/Props/Books And Alchemy/Potion_01.prefab using Guid(b5b903da71f948758cc8f65f59d30edc) Importer(815301076,1909f56bfc062723c751e8b465ee728b)  -> (artifact id: 'bcb03a0975da6b76a531b0ad1967e2b5') in 0.161317 seconds 
  Import took 0.198964 seconds .

========================================================================
Received Import Request.
  Time since last request: 0.000433 seconds.
  path: Assets/Imported Assets/Multistory Dungeons 2/Prefabs/Props/Books And Alchemy/Book_02.prefab
  artifactKey: Guid(525d19f14f3748b0b2fa10caecab6b1c) Importer(815301076,1909f56bfc062723c751e8b465ee728b)
Start importing Assets/Imported Assets/Multistory Dungeons 2/Prefabs/Props/Books And Alchemy/Book_02.prefab using Guid(525d19f14f3748b0b2fa10caecab6b1c) Importer(815301076,1909f56bfc062723c751e8b465ee728b)  -> (artifact id: 'bcb910e9a74d58db1a2e23a2bcb9ab88') in 0.162991 seconds 
  Import took 0.197745 seconds .

========================================================================
Received Import Request.
  Time since last request: 0.001104 seconds.
  path: Assets/Imported Assets/Multistory Dungeons 2/Prefabs/Props/Books And Alchemy/Potion_04.prefab
  artifactKey: Guid(26cc087b299f42a4a1923da599fe03cc) Importer(815301076,1909f56bfc062723c751e8b465ee728b)
Start importing Assets/Imported Assets/Multistory Dungeons 2/Prefabs/Props/Books And Alchemy/Potion_04.prefab using Guid(26cc087b299f42a4a1923da599fe03cc) Importer(815301076,1909f56bfc062723c751e8b465ee728b)  -> (artifact id: '7b256c414ae8c578fbd6d85f033107cb') in 0.143722 seconds 
  Import took 0.179156 seconds .

========================================================================
Received Import Request.
  Time since last request: 0.000250 seconds.
  path: Assets/Imported Assets/Multistory Dungeons 2/Prefabs/Props/Books And Alchemy/Book_06.prefab
  artifactKey: Guid(147f183af15640289aa7154f0ea2de5c) Importer(815301076,1909f56bfc062723c751e8b465ee728b)
Start importing Assets/Imported Assets/Multistory Dungeons 2/Prefabs/Props/Books And Alchemy/Book_06.prefab using Guid(147f183af15640289aa7154f0ea2de5c) Importer(815301076,1909f56bfc062723c751e8b465ee728b)  -> (artifact id: 'b00c8553e0798c33d39434fc53a2c1b8') in 0.161814 seconds 
  Import took 0.189699 seconds .

========================================================================
Received Import Request.
  Time since last request: 0.000847 seconds.
  path: Assets/Imported Assets/Multistory Dungeons 2/Prefabs/Props/Books And Alchemy/Potion_03.prefab
  artifactKey: Guid(702c6bea8ac34b64bc7b7584ede296ab) Importer(815301076,1909f56bfc062723c751e8b465ee728b)
Start importing Assets/Imported Assets/Multistory Dungeons 2/Prefabs/Props/Books And Alchemy/Potion_03.prefab using Guid(702c6bea8ac34b64bc7b7584ede296ab) Importer(815301076,1909f56bfc062723c751e8b465ee728b)  -> (artifact id: '398508e0a891e70f8f133f14d155f38c') in 0.167223 seconds 
  Import took 0.193109 seconds .

========================================================================
Received Import Request.
  Time since last request: 0.000429 seconds.
  path: Assets/Imported Assets/Multistory Dungeons 2/Prefabs/Props/Books And Alchemy/Books_Preset_06.prefab
  artifactKey: Guid(25b65563c564407d8b1214934a3cce01) Importer(815301076,1909f56bfc062723c751e8b465ee728b)
Start importing Assets/Imported Assets/Multistory Dungeons 2/Prefabs/Props/Books And Alchemy/Books_Preset_06.prefab using Guid(25b65563c564407d8b1214934a3cce01) Importer(815301076,1909f56bfc062723c751e8b465ee728b)  -> (artifact id: '42ff59b030bc056fef0a077fca042f1c') in 0.189189 seconds 
  Import took 0.230446 seconds .

========================================================================
Received Import Request.
  Time since last request: 0.000389 seconds.
  path: Assets/Imported Assets/Multistory Dungeons 2/Prefabs/Props/Books And Alchemy/Glass_Jar_02.prefab
  artifactKey: Guid(90f6956632cd4b0b990455ee7dee97ff) Importer(815301076,1909f56bfc062723c751e8b465ee728b)
Start importing Assets/Imported Assets/Multistory Dungeons 2/Prefabs/Props/Books And Alchemy/Glass_Jar_02.prefab using Guid(90f6956632cd4b0b990455ee7dee97ff) Importer(815301076,1909f56bfc062723c751e8b465ee728b)  -> (artifact id: 'c6751074eab245365f1246a9afe2f6f5') in 0.151654 seconds 
  Import took 0.178035 seconds .

========================================================================
Received Import Request.
  Time since last request: 0.001152 seconds.
  path: Assets/Imported Assets/Multistory Dungeons 2/Prefabs/Props/Books And Alchemy/Books_Preset_01.prefab
  artifactKey: Guid(a4cadd393c8c41bd8946346a453ee36a) Importer(815301076,1909f56bfc062723c751e8b465ee728b)
Start importing Assets/Imported Assets/Multistory Dungeons 2/Prefabs/Props/Books And Alchemy/Books_Preset_01.prefab using Guid(a4cadd393c8c41bd8946346a453ee36a) Importer(815301076,1909f56bfc062723c751e8b465ee728b)  -> (artifact id: '570479ac0affeff88f6d51e47723bbba') in 0.146472 seconds 
  Import took 0.172993 seconds .

========================================================================
Received Import Request.
  Time since last request: 0.000560 seconds.
  path: Assets/Imported Assets/Multistory Dungeons 2/Prefabs/Props/Books And Alchemy/Bottle_02.prefab
  artifactKey: Guid(36ac7bb4677d46aa8368525fc9a82bdf) Importer(815301076,1909f56bfc062723c751e8b465ee728b)
Start importing Assets/Imported Assets/Multistory Dungeons 2/Prefabs/Props/Books And Alchemy/Bottle_02.prefab using Guid(36ac7bb4677d46aa8368525fc9a82bdf) Importer(815301076,1909f56bfc062723c751e8b465ee728b)  -> (artifact id: '45bc60834cce9ffa7327bb78aed86031') in 0.185730 seconds 
  Import took 0.218970 seconds .

========================================================================
Received Import Request.
  Time since last request: 0.000483 seconds.
  path: Assets/Imported Assets/Multistory Dungeons 2/Prefabs/Props/Books And Alchemy/Paper_04.prefab
  artifactKey: Guid(845c09bb5de54859a6c48651aa011c28) Importer(815301076,1909f56bfc062723c751e8b465ee728b)
Start importing Assets/Imported Assets/Multistory Dungeons 2/Prefabs/Props/Books And Alchemy/Paper_04.prefab using Guid(845c09bb5de54859a6c48651aa011c28) Importer(815301076,1909f56bfc062723c751e8b465ee728b)  -> (artifact id: '6aadc79bd0156437d181a8dfd3902646') in 0.102152 seconds 
  Import took 0.131056 seconds .

========================================================================
Received Import Request.
  Time since last request: 0.000617 seconds.
  path: Assets/Imported Assets/Multistory Dungeons 2/Prefabs/Props/Books And Alchemy/Cup_01.prefab
  artifactKey: Guid(11974f92aea44b97a97ff84cc6182945) Importer(815301076,1909f56bfc062723c751e8b465ee728b)
Start importing Assets/Imported Assets/Multistory Dungeons 2/Prefabs/Props/Books And Alchemy/Cup_01.prefab using Guid(11974f92aea44b97a97ff84cc6182945) Importer(815301076,1909f56bfc062723c751e8b465ee728b)  -> (artifact id: '595e8ee27ca4bb8c8f8df93c3c8537da') in 0.164220 seconds 
  Import took 0.188749 seconds .

========================================================================
Received Import Request.
  Time since last request: 0.000291 seconds.
  path: Assets/Imported Assets/Multistory Dungeons 2/Prefabs/Props/Books And Alchemy/Bottle_03.prefab
  artifactKey: Guid(0ed3201858cd4194bbf2553c8517321b) Importer(815301076,1909f56bfc062723c751e8b465ee728b)
Start importing Assets/Imported Assets/Multistory Dungeons 2/Prefabs/Props/Books And Alchemy/Bottle_03.prefab using Guid(0ed3201858cd4194bbf2553c8517321b) Importer(815301076,1909f56bfc062723c751e8b465ee728b)  -> (artifact id: '0b472ef8064345b64b8a5faac0a9da8e') in 0.143377 seconds 
  Import took 0.168838 seconds .

========================================================================
Received Import Request.
  Time since last request: 0.001138 seconds.
  path: Assets/Imported Assets/Multistory Dungeons 2/Prefabs/Props/Books And Alchemy/Flask_02.prefab
  artifactKey: Guid(a9c924e80c494a0187ef4b735a3c46b8) Importer(815301076,1909f56bfc062723c751e8b465ee728b)
Start importing Assets/Imported Assets/Multistory Dungeons 2/Prefabs/Props/Books And Alchemy/Flask_02.prefab using Guid(a9c924e80c494a0187ef4b735a3c46b8) Importer(815301076,1909f56bfc062723c751e8b465ee728b)  -> (artifact id: '074b7775b83927ddb49f592facb4f057') in 0.152579 seconds 
  Import took 0.177372 seconds .

========================================================================
Received Import Request.
  Time since last request: 0.000965 seconds.
  path: Assets/Imported Assets/Multistory Dungeons 2/Prefabs/Props/Books And Alchemy/Retort_Preset_01.prefab
  artifactKey: Guid(1f97f333a6bf4fba95ee13cc9b3df973) Importer(815301076,1909f56bfc062723c751e8b465ee728b)
Start importing Assets/Imported Assets/Multistory Dungeons 2/Prefabs/Props/Books And Alchemy/Retort_Preset_01.prefab using Guid(1f97f333a6bf4fba95ee13cc9b3df973) Importer(815301076,1909f56bfc062723c751e8b465ee728b)  -> (artifact id: 'ba52d88ed13a40b56c8ac4f3142e112e') in 0.180626 seconds 
  Import took 0.216281 seconds .

========================================================================
Received Import Request.
  Time since last request: 0.000770 seconds.
  path: Assets/Imported Assets/Multistory Dungeons 2/Prefabs/Props/Books And Alchemy/Potion_Blue_01.prefab
  artifactKey: Guid(6a61beb91ee14785add56c8d67ee6e6a) Importer(815301076,1909f56bfc062723c751e8b465ee728b)
Start importing Assets/Imported Assets/Multistory Dungeons 2/Prefabs/Props/Books And Alchemy/Potion_Blue_01.prefab using Guid(6a61beb91ee14785add56c8d67ee6e6a) Importer(815301076,1909f56bfc062723c751e8b465ee728b)  -> (artifact id: '99a16e6088d9930040b409e02c6e46ff') in 0.128301 seconds 
  Import took 0.164888 seconds .

========================================================================
Received Import Request.
  Time since last request: 0.000406 seconds.
  path: Assets/Imported Assets/Multistory Dungeons 2/Prefabs/Props/Books And Alchemy/Mortar_01.prefab
  artifactKey: Guid(4efba74564624dfea3803661732fd71c) Importer(815301076,1909f56bfc062723c751e8b465ee728b)
Start importing Assets/Imported Assets/Multistory Dungeons 2/Prefabs/Props/Books And Alchemy/Mortar_01.prefab using Guid(4efba74564624dfea3803661732fd71c) Importer(815301076,1909f56bfc062723c751e8b465ee728b)  -> (artifact id: '49de460be988db97271561bc3096a1fa') in 0.141302 seconds 
  Import took 0.170371 seconds .

========================================================================
Received Import Request.
  Time since last request: 0.000394 seconds.
  path: Assets/Imported Assets/Multistory Dungeons 2/Prefabs/Props/Books And Alchemy/Book_05.prefab
  artifactKey: Guid(6c430e2339b04d49a5ca113f066609b8) Importer(815301076,1909f56bfc062723c751e8b465ee728b)
Start importing Assets/Imported Assets/Multistory Dungeons 2/Prefabs/Props/Books And Alchemy/Book_05.prefab using Guid(6c430e2339b04d49a5ca113f066609b8) Importer(815301076,1909f56bfc062723c751e8b465ee728b)  -> (artifact id: 'da51d0e81bbcfb328742cfc91a7914c3') in 0.139586 seconds 
  Import took 0.162430 seconds .

========================================================================
Received Import Request.
  Time since last request: 0.001200 seconds.
  path: Assets/Imported Assets/Multistory Dungeons 2/Prefabs/Props/Books And Alchemy/Stand_02.prefab
  artifactKey: Guid(56d044af64e145bb9ab7eb6ed864ba74) Importer(815301076,1909f56bfc062723c751e8b465ee728b)
Start importing Assets/Imported Assets/Multistory Dungeons 2/Prefabs/Props/Books And Alchemy/Stand_02.prefab using Guid(56d044af64e145bb9ab7eb6ed864ba74) Importer(815301076,1909f56bfc062723c751e8b465ee728b)  -> (artifact id: '8bbbac34a57263827cbc95d37121ccce') in 0.172657 seconds 
  Import took 0.198223 seconds .

========================================================================
Received Import Request.
  Time since last request: 0.000696 seconds.
  path: Assets/Imported Assets/Multistory Dungeons 2/Prefabs/Props/Books And Alchemy/Potion_02.prefab
  artifactKey: Guid(95df6f7f30e343db95014a0a7537ce7d) Importer(815301076,1909f56bfc062723c751e8b465ee728b)
Start importing Assets/Imported Assets/Multistory Dungeons 2/Prefabs/Props/Books And Alchemy/Potion_02.prefab using Guid(95df6f7f30e343db95014a0a7537ce7d) Importer(815301076,1909f56bfc062723c751e8b465ee728b)  -> (artifact id: 'bc0a3ed6bebf06ac7a1bdb2e0c01f0fd') in 0.141394 seconds 
  Import took 0.200582 seconds .

========================================================================
Received Import Request.
  Time since last request: 0.001202 seconds.
  path: Assets/Imported Assets/Multistory Dungeons 2/Prefabs/Props/Books And Alchemy/Sandglass_01.prefab
  artifactKey: Guid(d0e39f206f1e4ca082d2fd38f5475d00) Importer(815301076,1909f56bfc062723c751e8b465ee728b)
Start importing Assets/Imported Assets/Multistory Dungeons 2/Prefabs/Props/Books And Alchemy/Sandglass_01.prefab using Guid(d0e39f206f1e4ca082d2fd38f5475d00) Importer(815301076,1909f56bfc062723c751e8b465ee728b)  -> (artifact id: 'bee7605107d34951cd4c4dd1e87b022d') in 0.117052 seconds 
  Import took 0.142891 seconds .

========================================================================
Received Import Request.
  Time since last request: 0.000543 seconds.
  path: Assets/Imported Assets/Multistory Dungeons 2/Prefabs/Props/Books And Alchemy/Inkpot_01.prefab
  artifactKey: Guid(747dab04a1084dd1805bd446e606e5a4) Importer(815301076,1909f56bfc062723c751e8b465ee728b)
Start importing Assets/Imported Assets/Multistory Dungeons 2/Prefabs/Props/Books And Alchemy/Inkpot_01.prefab using Guid(747dab04a1084dd1805bd446e606e5a4) Importer(815301076,1909f56bfc062723c751e8b465ee728b)  -> (artifact id: '9324703c1ed3448171d95454b660e2e5') in 0.135674 seconds 
  Import took 0.154922 seconds .

========================================================================
Received Import Request.
  Time since last request: 0.000744 seconds.
  path: Assets/Imported Assets/Multistory Dungeons 2/Prefabs/Props/Books And Alchemy/Books_Preset_05.prefab
  artifactKey: Guid(cfbebb7126464c7b9b9300fb0b51dfb1) Importer(815301076,1909f56bfc062723c751e8b465ee728b)
Start importing Assets/Imported Assets/Multistory Dungeons 2/Prefabs/Props/Books And Alchemy/Books_Preset_05.prefab using Guid(cfbebb7126464c7b9b9300fb0b51dfb1) Importer(815301076,1909f56bfc062723c751e8b465ee728b)  -> (artifact id: '9de878cdcd92b1eb2334b030d244db7c') in 0.137652 seconds 
  Import took 0.152952 seconds .

========================================================================
Received Import Request.
  Time since last request: 0.000246 seconds.
  path: Assets/Imported Assets/Multistory Dungeons 2/Prefabs/Props/Books And Alchemy/Book_03.prefab
  artifactKey: Guid(a693f8c2201b4b60b2569dad07d1945f) Importer(815301076,1909f56bfc062723c751e8b465ee728b)
Start importing Assets/Imported Assets/Multistory Dungeons 2/Prefabs/Props/Books And Alchemy/Book_03.prefab using Guid(a693f8c2201b4b60b2569dad07d1945f) Importer(815301076,1909f56bfc062723c751e8b465ee728b)  -> (artifact id: '51bd1c69d011184bdb6fa4356cb7887c') in 0.155665 seconds 
  Import took 0.182053 seconds .

========================================================================
Received Import Request.
  Time since last request: 0.000567 seconds.
  path: Assets/Imported Assets/Multistory Dungeons 2/Prefabs/Props/Books And Alchemy/Books_Preset_02.prefab
  artifactKey: Guid(1d040883b4c941fa9ab5cfdcce009a7b) Importer(815301076,1909f56bfc062723c751e8b465ee728b)
Start importing Assets/Imported Assets/Multistory Dungeons 2/Prefabs/Props/Books And Alchemy/Books_Preset_02.prefab using Guid(1d040883b4c941fa9ab5cfdcce009a7b) Importer(815301076,1909f56bfc062723c751e8b465ee728b)  -> (artifact id: 'b363a15f34ba997162f7ec5c48f77134') in 0.163708 seconds 
  Import took 0.190950 seconds .

========================================================================
Received Import Request.
  Time since last request: 0.000743 seconds.
  path: Assets/Imported Assets/Multistory Dungeons 2/Prefabs/Props/Books And Alchemy/Paper_01.prefab
  artifactKey: Guid(e0e444834ba54dcd863b19283e180747) Importer(815301076,1909f56bfc062723c751e8b465ee728b)
Start importing Assets/Imported Assets/Multistory Dungeons 2/Prefabs/Props/Books And Alchemy/Paper_01.prefab using Guid(e0e444834ba54dcd863b19283e180747) Importer(815301076,1909f56bfc062723c751e8b465ee728b)  -> (artifact id: '05708b44c2c4d6998dd29669af3de20f') in 0.161304 seconds 
  Import took 0.209097 seconds .

========================================================================
Received Import Request.
  Time since last request: 0.000646 seconds.
  path: Assets/Imported Assets/Multistory Dungeons 2/Prefabs/Props/Books And Alchemy/Scroll_01.prefab
  artifactKey: Guid(b750cae05681454bba80ad81d7252818) Importer(815301076,1909f56bfc062723c751e8b465ee728b)
Start importing Assets/Imported Assets/Multistory Dungeons 2/Prefabs/Props/Books And Alchemy/Scroll_01.prefab using Guid(b750cae05681454bba80ad81d7252818) Importer(815301076,1909f56bfc062723c751e8b465ee728b)  -> (artifact id: '46dd0a01d76d6e980e5efffd974a47f2') in 0.139040 seconds 
  Import took 0.166755 seconds .

========================================================================
Received Import Request.
  Time since last request: 0.000390 seconds.
  path: Assets/Imported Assets/Multistory Dungeons 2/Prefabs/Props/Books And Alchemy/Paper_Preset_01.prefab
  artifactKey: Guid(86e6f19df467456c98668b86a7963358) Importer(815301076,1909f56bfc062723c751e8b465ee728b)
Start importing Assets/Imported Assets/Multistory Dungeons 2/Prefabs/Props/Books And Alchemy/Paper_Preset_01.prefab using Guid(86e6f19df467456c98668b86a7963358) Importer(815301076,1909f56bfc062723c751e8b465ee728b)  -> (artifact id: '3844782b2e03adb89db133350b32d0cd') in 0.113786 seconds 
  Import took 0.138273 seconds .

========================================================================
Received Import Request.
  Time since last request: 0.000427 seconds.
  path: Assets/Imported Assets/Multistory Dungeons 2/Prefabs/Props/Books And Alchemy/Stand_01.prefab
  artifactKey: Guid(3e0ed916ce4c426c887d47337b536aba) Importer(815301076,1909f56bfc062723c751e8b465ee728b)
Start importing Assets/Imported Assets/Multistory Dungeons 2/Prefabs/Props/Books And Alchemy/Stand_01.prefab using Guid(3e0ed916ce4c426c887d47337b536aba) Importer(815301076,1909f56bfc062723c751e8b465ee728b)  -> (artifact id: '47b280fc25b3081b2696b61fbf5b09e0') in 0.134170 seconds 
  Import took 0.173359 seconds .

========================================================================
Received Import Request.
  Time since last request: 0.001195 seconds.
  path: Assets/Imported Assets/Multistory Dungeons 2/Prefabs/Props/Books And Alchemy/Paper_02.prefab
  artifactKey: Guid(d8c1ecd27d8b494f99c904bd9a3be8bf) Importer(815301076,1909f56bfc062723c751e8b465ee728b)
Start importing Assets/Imported Assets/Multistory Dungeons 2/Prefabs/Props/Books And Alchemy/Paper_02.prefab using Guid(d8c1ecd27d8b494f99c904bd9a3be8bf) Importer(815301076,1909f56bfc062723c751e8b465ee728b)  -> (artifact id: 'cb959664d2a52a062fe9c33cc50597dc') in 0.168077 seconds 
  Import took 0.220174 seconds .

========================================================================
Received Import Request.
  Time since last request: 0.000516 seconds.
  path: Assets/Imported Assets/Multistory Dungeons 2/Prefabs/Props/Books And Alchemy/Gas_Burner_01.prefab
  artifactKey: Guid(b7861b2ee4d6486d8d0fa7a14cc3939a) Importer(815301076,1909f56bfc062723c751e8b465ee728b)
Start importing Assets/Imported Assets/Multistory Dungeons 2/Prefabs/Props/Books And Alchemy/Gas_Burner_01.prefab using Guid(b7861b2ee4d6486d8d0fa7a14cc3939a) Importer(815301076,1909f56bfc062723c751e8b465ee728b)  -> (artifact id: 'a563ae38c63a37af3ee5f97f23f1eb66') in 0.154647 seconds 
  Import took 0.212942 seconds .

========================================================================
Received Import Request.
  Time since last request: 0.000965 seconds.
  path: Assets/Imported Assets/Multistory Dungeons 2/Prefabs/Props/Books And Alchemy/Paper_03.prefab
  artifactKey: Guid(ec9920e44a9241b0bed559c0b9d90d5c) Importer(815301076,1909f56bfc062723c751e8b465ee728b)
Start importing Assets/Imported Assets/Multistory Dungeons 2/Prefabs/Props/Books And Alchemy/Paper_03.prefab using Guid(ec9920e44a9241b0bed559c0b9d90d5c) Importer(815301076,1909f56bfc062723c751e8b465ee728b)  -> (artifact id: '8dc09fb06c781e6a338a0aff3a93e2e3') in 0.129205 seconds 
  Import took 0.157655 seconds .

========================================================================
Received Import Request.
  Time since last request: 0.001320 seconds.
  path: Assets/Imported Assets/Multistory Dungeons 2/Prefabs/Props/Books And Alchemy/Bottle_01.prefab
  artifactKey: Guid(90453fdc09234512bd43221d2b5f5569) Importer(815301076,1909f56bfc062723c751e8b465ee728b)
Start importing Assets/Imported Assets/Multistory Dungeons 2/Prefabs/Props/Books And Alchemy/Bottle_01.prefab using Guid(90453fdc09234512bd43221d2b5f5569) Importer(815301076,1909f56bfc062723c751e8b465ee728b)  -> (artifact id: '120d9b119be1e022692a2e227296298d') in 0.281638 seconds 
  Import took 0.514244 seconds .

AssetImportWorkerClient::OnTransportError - code=2 error=End of file
